kotlin version: 1.8.20
error message: org.jetbrains.kotlin.backend.common.BackendException: Backend Internal error: Exception during psi2ir
File being compiled: (62,41) in /Users/osamaaftab/Downloads/The-Dog-App 2/features/dog/src/main/java/com/osamaaftab/dog/ui/list/adapter/BreedsAdapter.kt
The root cause org.jetbrains.kotlin.psi2ir.generators.ErrorExpressionException was thrown at: org.jetbrains.kotlin.psi2ir.generators.ErrorExpressionGenerator.generateErrorSimpleName(ErrorExpressionGenerator.kt:105)
null: KtNameReferenceExpression:
root
	at org.jetbrains.kotlin.backend.common.CodegenUtil.reportBackendException(CodegenUtil.kt:253)
	at org.jetbrains.kotlin.backend.common.CodegenUtil.reportBackendException$default(CodegenUtil.kt:237)
	at org.jetbrains.kotlin.psi2ir.generators.DeclarationGenerator.generateMemberDeclaration(DeclarationGenerator.kt:75)
	at org.jetbrains.kotlin.psi2ir.generators.DeclarationGenerator.generateClassMemberDeclaration(DeclarationGenerator.kt:101)
	at org.jetbrains.kotlin.psi2ir.generators.ClassGenerator.generateMembersDeclaredInClassBody(ClassGenerator.kt:491)
	at org.jetbrains.kotlin.psi2ir.generators.ClassGenerator.generateClass(ClassGenerator.kt:101)
	at org.jetbrains.kotlin.psi2ir.generators.ClassGenerator.generateClass$default(ClassGenerator.kt:63)
	at org.jetbrains.kotlin.psi2ir.generators.DeclarationGenerator.generateClassOrObjectDeclaration(DeclarationGenerator.kt:108)
	at org.jetbrains.kotlin.psi2ir.generators.DeclarationGenerator.generateMemberDeclaration(DeclarationGenerator.kt:53)
	at org.jetbrains.kotlin.psi2ir.generators.ModuleGenerator.generateSingleFile(ModuleGenerator.kt:73)
	at org.jetbrains.kotlin.psi2ir.generators.ModuleGenerator.generateModuleFragment(ModuleGenerator.kt:53)
	at org.jetbrains.kotlin.psi2ir.Psi2IrTranslator.generateModuleFragment(Psi2IrTranslator.kt:97)
	at org.jetbrains.kotlin.backend.jvm.JvmIrCodegenFactory.convertToIr(JvmIrCodegenFactory.kt:224)
	at org.jetbrains.kotlin.backend.jvm.JvmIrCodegenFactory.convertToIr(JvmIrCodegenFactory.kt:57)
	at org.jetbrains.kotlin.codegen.KotlinCodegenFacade.compileCorrectFiles(KotlinCodegenFacade.java:41)
	at org.jetbrains.kotlin.kapt3.AbstractKapt3Extension.contextForStubGeneration(Kapt3Extension.kt:280)
	at org.jetbrains.kotlin.kapt3.AbstractKapt3Extension.analysisCompleted(Kapt3Extension.kt:174)
	at org.jetbrains.kotlin.kapt3.ClasspathBasedKapt3Extension.analysisCompleted(Kapt3Extension.kt:104)
	at org.jetbrains.kotlin.cli.jvm.compiler.TopDownAnalyzerFacadeForJVM$analyzeFilesWithJavaIntegration$2.invoke(TopDownAnalyzerFacadeForJVM.kt:115)
	at org.jetbrains.kotlin.cli.jvm.compiler.TopDownAnalyzerFacadeForJVM.analyzeFilesWithJavaIntegration(TopDownAnalyzerFacadeForJVM.kt:125)
	at org.jetbrains.kotlin.cli.jvm.compiler.TopDownAnalyzerFacadeForJVM.analyzeFilesWithJavaIntegration$default(TopDownAnalyzerFacadeForJVM.kt:99)
	at org.jetbrains.kotlin.cli.jvm.compiler.KotlinToJVMBytecodeCompiler$analyze$1.invoke(KotlinToJVMBytecodeCompiler.kt:257)
	at org.jetbrains.kotlin.cli.jvm.compiler.KotlinToJVMBytecodeCompiler$analyze$1.invoke(KotlinToJVMBytecodeCompiler.kt:42)
	at org.jetbrains.kotlin.cli.common.messages.AnalyzerWithCompilerReport.analyzeAndReport(AnalyzerWithCompilerReport.kt:115)
	at org.jetbrains.kotlin.cli.jvm.compiler.KotlinToJVMBytecodeCompiler.analyze(KotlinToJVMBytecodeCompiler.kt:248)
	at org.jetbrains.kotlin.cli.jvm.compiler.KotlinToJVMBytecodeCompiler.compileModules$cli(KotlinToJVMBytecodeCompiler.kt:88)
	at org.jetbrains.kotlin.cli.jvm.compiler.KotlinToJVMBytecodeCompiler.compileModules$cli$default(KotlinToJVMBytecodeCompiler.kt:47)
	at org.jetbrains.kotlin.cli.jvm.K2JVMCompiler.doExecute(K2JVMCompiler.kt:168)
	at org.jetbrains.kotlin.cli.jvm.K2JVMCompiler.doExecute(K2JVMCompiler.kt:53)
	at org.jetbrains.kotlin.cli.common.CLICompiler.execImpl(CLICompiler.kt:100)
	at org.jetbrains.kotlin.cli.common.CLICompiler.execImpl(CLICompiler.kt:46)
	at org.jetbrains.kotlin.cli.common.CLITool.exec(CLITool.kt:101)
	at org.jetbrains.kotlin.incremental.IncrementalJvmCompilerRunner.runCompiler(IncrementalJvmCompilerRunner.kt:495)
	at org.jetbrains.kotlin.incremental.IncrementalJvmCompilerRunner.runCompiler(IncrementalJvmCompilerRunner.kt:133)
	at org.jetbrains.kotlin.incremental.IncrementalCompilerRunner.doCompile(IncrementalCompilerRunner.kt:486)
	at org.jetbrains.kotlin.incremental.IncrementalCompilerRunner.compileImpl(IncrementalCompilerRunner.kt:409)
	at org.jetbrains.kotlin.incremental.IncrementalCompilerRunner.compileNonIncrementally(IncrementalCompilerRunner.kt:290)
	at org.jetbrains.kotlin.incremental.IncrementalCompilerRunner.compile(IncrementalCompilerRunner.kt:112)
	at org.jetbrains.kotlin.daemon.CompileServiceImplBase.execIncrementalCompiler(CompileServiceImpl.kt:627)
	at org.jetbrains.kotlin.daemon.CompileServiceImplBase.access$execIncrementalCompiler(CompileServiceImpl.kt:101)
	at org.jetbrains.kotlin.daemon.CompileServiceImpl.compile(CompileServiceImpl.kt:1587)
	at java.base/jdk.internal.reflect.NativeMethodAccessorImpl.invoke0(Native Method)
	at java.base/jdk.internal.reflect.NativeMethodAccessorImpl.invoke(NativeMethodAccessorImpl.java:62)
	at java.base/jdk.internal.reflect.DelegatingMethodAccessorImpl.invoke(DelegatingMethodAccessorImpl.java:43)
	at java.base/java.lang.reflect.Method.invoke(Method.java:566)
	at java.rmi/sun.rmi.server.UnicastServerRef.dispatch(UnicastServerRef.java:359)
	at java.rmi/sun.rmi.transport.Transport$1.run(Transport.java:200)
	at java.rmi/sun.rmi.transport.Transport$1.run(Transport.java:197)
	at java.base/java.security.AccessController.doPrivileged(Native Method)
	at java.rmi/sun.rmi.transport.Transport.serviceCall(Transport.java:196)
	at java.rmi/sun.rmi.transport.tcp.TCPTransport.handleMessages(TCPTransport.java:562)
	at java.rmi/sun.rmi.transport.tcp.TCPTransport$ConnectionHandler.run0(TCPTransport.java:796)
	at java.rmi/sun.rmi.transport.tcp.TCPTransport$ConnectionHandler.lambda$run$0(TCPTransport.java:677)
	at java.base/java.security.AccessController.doPrivileged(Native Method)
	at java.rmi/sun.rmi.transport.tcp.TCPTransport$ConnectionHandler.run(TCPTransport.java:676)
	at java.base/java.util.concurrent.ThreadPoolExecutor.runWorker(ThreadPoolExecutor.java:1128)
	at java.base/java.util.concurrent.ThreadPoolExecutor$Worker.run(ThreadPoolExecutor.java:628)
	at java.base/java.lang.Thread.run(Thread.java:829)
Caused by: org.jetbrains.kotlin.psi2ir.generators.ErrorExpressionException: null: KtNameReferenceExpression:
root
	at org.jetbrains.kotlin.psi2ir.generators.ErrorExpressionGenerator.generateErrorSimpleName(ErrorExpressionGenerator.kt:105)
	at org.jetbrains.kotlin.psi2ir.generators.StatementGenerator.visitSimpleNameExpression(StatementGenerator.kt:375)
	at org.jetbrains.kotlin.psi2ir.generators.StatementGenerator.visitSimpleNameExpression(StatementGenerator.kt:54)
	at org.jetbrains.kotlin.psi.KtNameReferenceExpression.accept(KtNameReferenceExpression.kt:59)
	at org.jetbrains.kotlin.psi2ir.generators.StatementGenerator.visitDotQualifiedExpression(StatementGenerator.kt:427)
	at org.jetbrains.kotlin.psi2ir.generators.StatementGenerator.visitDotQualifiedExpression(StatementGenerator.kt:54)
	at org.jetbrains.kotlin.psi.KtDotQualifiedExpression.accept(KtDotQualifiedExpression.kt:32)
	at org.jetbrains.kotlin.psi2ir.generators.StatementGenerator.generateStatement(StatementGenerator.kt:70)
	at org.jetbrains.kotlin.psi2ir.generators.StatementGenerator.generateExpression(StatementGenerator.kt:83)
	at org.jetbrains.kotlin.psi2ir.generators.ArgumentsGenerationUtilsKt$pregenerateCall$1.invoke(ArgumentsGenerationUtils.kt:515)
	at org.jetbrains.kotlin.psi2ir.generators.ArgumentsGenerationUtilsKt$pregenerateCall$1.invoke(ArgumentsGenerationUtils.kt:515)
	at org.jetbrains.kotlin.psi2ir.generators.ArgumentsGenerationUtilsKt.generateValueArgumentUsing(ArgumentsGenerationUtils.kt:378)
	at org.jetbrains.kotlin.psi2ir.generators.ArgumentsGenerationUtilsKt.pregenerateValueArgumentsUsing(ArgumentsGenerationUtils.kt:766)
	at org.jetbrains.kotlin.psi2ir.generators.ArgumentsGenerationUtilsKt.pregenerateCallUsing(ArgumentsGenerationUtils.kt:525)
	at org.jetbrains.kotlin.psi2ir.generators.ArgumentsGenerationUtilsKt.pregenerateCall(ArgumentsGenerationUtils.kt:515)
	at org.jetbrains.kotlin.psi2ir.generators.BodyGenerator.generateSuperConstructorCall(BodyGenerator.kt:275)
	at org.jetbrains.kotlin.psi2ir.generators.BodyGenerator.generatePrimaryConstructorBody(BodyGenerator.kt:211)
	at org.jetbrains.kotlin.psi2ir.generators.FunctionGenerator.generatePrimaryConstructor(FunctionGenerator.kt:251)
	at org.jetbrains.kotlin.psi2ir.generators.ClassGenerator.generatePrimaryConstructor(ClassGenerator.kt:460)
	at org.jetbrains.kotlin.psi2ir.generators.ClassGenerator.generateClass(ClassGenerator.kt:93)
	at org.jetbrains.kotlin.psi2ir.generators.ClassGenerator.generateClass$default(ClassGenerator.kt:63)
	at org.jetbrains.kotlin.psi2ir.generators.DeclarationGenerator.generateClassOrObjectDeclaration(DeclarationGenerator.kt:108)
	at org.jetbrains.kotlin.psi2ir.generators.DeclarationGenerator.generateMemberDeclaration(DeclarationGenerator.kt:53)
	... 55 more


